This is pdfTeX, Version 3.1415926-2.5-1.40.14 (TeX Live 2013) (format=pdflatex 2013.5.30)  2 APR 2014 13:10
entering extended mode
 restricted \write18 enabled.
 file:line:error style messages enabled.
 %&-line parsing enabled.
**CasosDeUso1.0.tex
(./CasosDeUso1.0.tex
LaTeX2e <2011/06/27>
Babel <3.9f> and hyphenation patterns for 78 languages loaded.
(/usr/local/texlive/2013/texmf-dist/tex/latex/base/article.cls
Document Class: article 2007/10/19 v1.4h Standard LaTeX document class
(/usr/local/texlive/2013/texmf-dist/tex/latex/base/size11.clo
File: size11.clo 2007/10/19 v1.4h Standard LaTeX file (size option)
)
\c@part=\count79
\c@section=\count80
\c@subsection=\count81
\c@subsubsection=\count82
\c@paragraph=\count83
\c@subparagraph=\count84
\c@figure=\count85
\c@table=\count86
\abovecaptionskip=\skip41
\belowcaptionskip=\skip42
\bibindent=\dimen102
)
(/usr/local/texlive/2013/texmf-dist/tex/latex/geometry/geometry.sty
Package: geometry 2010/09/12 v5.6 Page Geometry

(/usr/local/texlive/2013/texmf-dist/tex/latex/graphics/keyval.sty
Package: keyval 1999/03/16 v1.13 key=value parser (DPC)
\KV@toks@=\toks14
)
(/usr/local/texlive/2013/texmf-dist/tex/generic/oberdiek/ifpdf.sty
Package: ifpdf 2011/01/30 v2.3 Provides the ifpdf switch (HO)
Package ifpdf Info: pdfTeX in PDF mode is detected.
)
(/usr/local/texlive/2013/texmf-dist/tex/generic/oberdiek/ifvtex.sty
Package: ifvtex 2010/03/01 v1.5 Detect VTeX and its facilities (HO)
Package ifvtex Info: VTeX not detected.
)
(/usr/local/texlive/2013/texmf-dist/tex/generic/ifxetex/ifxetex.sty
Package: ifxetex 2010/09/12 v0.6 Provides ifxetex conditional
)
\Gm@cnth=\count87
\Gm@cntv=\count88
\c@Gm@tempcnt=\count89
\Gm@bindingoffset=\dimen103
\Gm@wd@mp=\dimen104
\Gm@odd@mp=\dimen105
\Gm@even@mp=\dimen106
\Gm@layoutwidth=\dimen107
\Gm@layoutheight=\dimen108
\Gm@layouthoffset=\dimen109
\Gm@layoutvoffset=\dimen110
\Gm@dimlist=\toks15
)
(/usr/local/texlive/2013/texmf-dist/tex/generic/babel/babel.sty
Package: babel 2013/05/16 v3.9f The Babel package

(/usr/local/texlive/2013/texmf-dist/tex/generic/babel-spanish/spanish.ldf
Language: spanish.ldf 2010/05/23 v5.0j Spanish support from the babel system

(/usr/local/texlive/2013/texmf-dist/tex/generic/babel/babel.def
File: babel.def 2013/05/16 v3.9f Babel common definitions
\babel@savecnt=\count90
\U@D=\dimen111
)
\es@datefmt=\count91
\es@quottoks=\toks16
\es@quotdepth=\count92
Package babel Info: Making " an active character on input line 495.
Package babel Info: Making . an active character on input line 588.
Package babel Info: Making < an active character on input line 633.
Package babel Info: Making > an active character on input line 633.
))
(/usr/local/texlive/2013/texmf-dist/tex/latex/base/inputenc.sty
Package: inputenc 2008/03/30 v1.1d Input encoding file
\inpenc@prehook=\toks17
\inpenc@posthook=\toks18

(/usr/local/texlive/2013/texmf-dist/tex/latex/base/latin1.def
File: latin1.def 2008/03/30 v1.1d Input encoding file
))
(/usr/local/texlive/2013/texmf-dist/tex/latex/graphics/graphicx.sty
Package: graphicx 1999/02/16 v1.0f Enhanced LaTeX Graphics (DPC,SPQR)

(/usr/local/texlive/2013/texmf-dist/tex/latex/graphics/graphics.sty
Package: graphics 2009/02/05 v1.0o Standard LaTeX Graphics (DPC,SPQR)

(/usr/local/texlive/2013/texmf-dist/tex/latex/graphics/trig.sty
Package: trig 1999/03/16 v1.09 sin cos tan (DPC)
)
(/usr/local/texlive/2013/texmf-dist/tex/latex/latexconfig/graphics.cfg
File: graphics.cfg 2010/04/23 v1.9 graphics configuration of TeX Live
)
Package graphics Info: Driver file: pdftex.def on input line 91.

(/usr/local/texlive/2013/texmf-dist/tex/latex/pdftex-def/pdftex.def
File: pdftex.def 2011/05/27 v0.06d Graphics/color for pdfTeX

(/usr/local/texlive/2013/texmf-dist/tex/generic/oberdiek/infwarerr.sty
Package: infwarerr 2010/04/08 v1.3 Providing info/warning/error messages (HO)
)
(/usr/local/texlive/2013/texmf-dist/tex/generic/oberdiek/ltxcmds.sty
Package: ltxcmds 2011/11/09 v1.22 LaTeX kernel commands for general use (HO)
)
\Gread@gobject=\count93
))
\Gin@req@height=\dimen112
\Gin@req@width=\dimen113
)
(/usr/local/texlive/2013/texmf-dist/tex/latex/amsfonts/amssymb.sty
Package: amssymb 2013/01/14 v3.01 AMS font symbols

(/usr/local/texlive/2013/texmf-dist/tex/latex/amsfonts/amsfonts.sty
Package: amsfonts 2013/01/14 v3.01 Basic AMSFonts support
\@emptytoks=\toks19
\symAMSa=\mathgroup4
\symAMSb=\mathgroup5
LaTeX Font Info:    Overwriting math alphabet `\mathfrak' in version `bold'
(Font)                  U/euf/m/n --> U/euf/b/n on input line 106.
))
(/usr/local/texlive/2013/texmf-dist/tex/latex/hyperref/hyperref.sty
Package: hyperref 2012/11/06 v6.83m Hypertext links for LaTeX

(/usr/local/texlive/2013/texmf-dist/tex/generic/oberdiek/hobsub-hyperref.sty
Package: hobsub-hyperref 2012/05/28 v1.13 Bundle oberdiek, subset hyperref (HO)


(/usr/local/texlive/2013/texmf-dist/tex/generic/oberdiek/hobsub-generic.sty
Package: hobsub-generic 2012/05/28 v1.13 Bundle oberdiek, subset generic (HO)
Package: hobsub 2012/05/28 v1.13 Construct package bundles (HO)
Package hobsub Info: Skipping package `infwarerr' (already loaded).
Package hobsub Info: Skipping package `ltxcmds' (already loaded).
Package: ifluatex 2010/03/01 v1.3 Provides the ifluatex switch (HO)
Package ifluatex Info: LuaTeX not detected.
Package hobsub Info: Skipping package `ifvtex' (already loaded).
Package: intcalc 2007/09/27 v1.1 Expandable calculations with integers (HO)
Package hobsub Info: Skipping package `ifpdf' (already loaded).
Package: etexcmds 2011/02/16 v1.5 Avoid name clashes with e-TeX commands (HO)
Package etexcmds Info: Could not find \expanded.
(etexcmds)             That can mean that you are not using pdfTeX 1.50 or
(etexcmds)             that some package has redefined \expanded.
(etexcmds)             In the latter case, load this package earlier.
Package: kvsetkeys 2012/04/25 v1.16 Key value parser (HO)
Package: kvdefinekeys 2011/04/07 v1.3 Define keys (HO)
Package: pdftexcmds 2011/11/29 v0.20 Utility functions of pdfTeX for LuaTeX (HO
)
Package pdftexcmds Info: LuaTeX not detected.
Package pdftexcmds Info: \pdf@primitive is available.
Package pdftexcmds Info: \pdf@ifprimitive is available.
Package pdftexcmds Info: \pdfdraftmode found.
Package: pdfescape 2011/11/25 v1.13 Implements pdfTeX's escape features (HO)
Package: bigintcalc 2012/04/08 v1.3 Expandable calculations on big integers (HO
)
Package: bitset 2011/01/30 v1.1 Handle bit-vector datatype (HO)
Package: uniquecounter 2011/01/30 v1.2 Provide unlimited unique counter (HO)
)
Package hobsub Info: Skipping package `hobsub' (already loaded).
Package: letltxmacro 2010/09/02 v1.4 Let assignment for LaTeX macros (HO)
Package: hopatch 2012/05/28 v1.2 Wrapper for package hooks (HO)
Package: xcolor-patch 2011/01/30 xcolor patch
Package: atveryend 2011/06/30 v1.8 Hooks at the very end of document (HO)
Package atveryend Info: \enddocument detected (standard20110627).
Package: atbegshi 2011/10/05 v1.16 At begin shipout hook (HO)
Package: refcount 2011/10/16 v3.4 Data extraction from label references (HO)
Package: hycolor 2011/01/30 v1.7 Color options for hyperref/bookmark (HO)
)
(/usr/local/texlive/2013/texmf-dist/tex/latex/oberdiek/auxhook.sty
Package: auxhook 2011/03/04 v1.3 Hooks for auxiliary files (HO)
)
(/usr/local/texlive/2013/texmf-dist/tex/latex/oberdiek/kvoptions.sty
Package: kvoptions 2011/06/30 v3.11 Key value format for package options (HO)
)
\@linkdim=\dimen114
\Hy@linkcounter=\count94
\Hy@pagecounter=\count95

(/usr/local/texlive/2013/texmf-dist/tex/latex/hyperref/pd1enc.def
File: pd1enc.def 2012/11/06 v6.83m Hyperref: PDFDocEncoding definition (HO)
)
\Hy@SavedSpaceFactor=\count96

(/usr/local/texlive/2013/texmf-dist/tex/latex/latexconfig/hyperref.cfg
File: hyperref.cfg 2002/06/06 v1.2 hyperref configuration of TeXLive
)
Package hyperref Info: Hyper figures OFF on input line 4443.
Package hyperref Info: Link nesting OFF on input line 4448.
Package hyperref Info: Hyper index ON on input line 4451.
Package hyperref Info: Plain pages OFF on input line 4458.
Package hyperref Info: Backreferencing OFF on input line 4463.
Package hyperref Info: Implicit mode ON; LaTeX internals redefined.
Package hyperref Info: Bookmarks ON on input line 4688.
\c@Hy@tempcnt=\count97

(/usr/local/texlive/2013/texmf-dist/tex/latex/url/url.sty
\Urlmuskip=\muskip10
Package: url 2006/04/12  ver 3.3  Verb mode for urls, etc.
)
LaTeX Info: Redefining \url on input line 5041.
\XeTeXLinkMargin=\dimen115
\Fld@menulength=\count98
\Field@Width=\dimen116
\Fld@charsize=\dimen117
Package hyperref Info: Hyper figures OFF on input line 6295.
Package hyperref Info: Link nesting OFF on input line 6300.
Package hyperref Info: Hyper index ON on input line 6303.
Package hyperref Info: backreferencing OFF on input line 6310.
Package hyperref Info: Link coloring OFF on input line 6315.
Package hyperref Info: Link coloring with OCG OFF on input line 6320.
Package hyperref Info: PDF/A mode OFF on input line 6325.
LaTeX Info: Redefining \ref on input line 6365.
LaTeX Info: Redefining \pageref on input line 6369.
\Hy@abspage=\count99
\c@Item=\count100
\c@Hfootnote=\count101
)

Package hyperref Message: Driver (autodetected): hpdftex.

(/usr/local/texlive/2013/texmf-dist/tex/latex/hyperref/hpdftex.def
File: hpdftex.def 2012/11/06 v6.83m Hyperref driver for pdfTeX
\Fld@listcount=\count102
\c@bookmark@seq@number=\count103

(/usr/local/texlive/2013/texmf-dist/tex/latex/oberdiek/rerunfilecheck.sty
Package: rerunfilecheck 2011/04/15 v1.7 Rerun checks for auxiliary files (HO)
Package uniquecounter Info: New unique counter `rerunfilecheck' on input line 2
82.
)
\Hy@SectionHShift=\skip43
)
(/usr/local/texlive/2013/texmf-dist/tex/latex/float/float.sty
Package: float 2001/11/08 v1.3d Float enhancements (AL)
\c@float@type=\count104
\float@exts=\toks20
\float@box=\box26
\@float@everytoks=\toks21
\@floatcapt=\box27
)
(/usr/local/texlive/2013/texmf-dist/tex/latex/changepage/changepage.sty
Package: changepage 2009/10/20 v1.0c check page and change page layout
\c@cp@cntr=\count105
\cp@tempcnt=\count106
)
(/usr/local/texlive/2013/texmf-dist/tex/latex/titlesec/titlesec.sty
Package: titlesec 2011/12/15 v2.10.0 Sectioning titles
\ttl@box=\box28
\beforetitleunit=\skip44
\aftertitleunit=\skip45
\ttl@plus=\dimen118
\ttl@minus=\dimen119
\ttl@toksa=\toks22
\titlewidth=\dimen120
\titlewidthlast=\dimen121
\titlewidthfirst=\dimen122
)
(/usr/local/texlive/2013/texmf-dist/tex/latex/titlesec/block.tss
File: block.tss 2011/12/15
)
(./CasosDeUso1.0.aux)
\openout1 = `CasosDeUso1.0.aux'.

LaTeX Font Info:    Checking defaults for OML/cmm/m/it on input line 26.
LaTeX Font Info:    ... okay on input line 26.
LaTeX Font Info:    Checking defaults for T1/cmr/m/n on input line 26.
LaTeX Font Info:    ... okay on input line 26.
LaTeX Font Info:    Checking defaults for OT1/cmr/m/n on input line 26.
LaTeX Font Info:    ... okay on input line 26.
LaTeX Font Info:    Checking defaults for OMS/cmsy/m/n on input line 26.
LaTeX Font Info:    ... okay on input line 26.
LaTeX Font Info:    Checking defaults for OMX/cmex/m/n on input line 26.
LaTeX Font Info:    ... okay on input line 26.
LaTeX Font Info:    Checking defaults for U/cmr/m/n on input line 26.
LaTeX Font Info:    ... okay on input line 26.
LaTeX Font Info:    Checking defaults for PD1/pdf/m/n on input line 26.
LaTeX Font Info:    ... okay on input line 26.

*geometry* driver: auto-detecting
*geometry* detected driver: pdftex
*geometry* verbose mode - [ preamble ] result:
* driver: pdftex
* paper: letterpaper
* layout: <same size as paper>
* layoutoffset:(h,v)=(0.0pt,0.0pt)
* modes: 
* h-part:(L,W,R)=(92.14519pt, 430.00462pt, 92.14519pt)
* v-part:(T,H,B)=(95.39737pt, 556.47656pt, 143.09605pt)
* \paperwidth=614.295pt
* \paperheight=794.96999pt
* \textwidth=430.00462pt
* \textheight=556.47656pt
* \oddsidemargin=19.8752pt
* \evensidemargin=19.8752pt
* \topmargin=-13.87262pt
* \headheight=12.0pt
* \headsep=25.0pt
* \topskip=11.0pt
* \footskip=30.0pt
* \marginparwidth=59.0pt
* \marginparsep=10.0pt
* \columnsep=10.0pt
* \skip\footins=10.0pt plus 4.0pt minus 2.0pt
* \hoffset=0.0pt
* \voffset=0.0pt
* \mag=1000
* \@twocolumnfalse
* \@twosidefalse
* \@mparswitchfalse
* \@reversemarginfalse
* (1in=72.27pt=25.4mm, 1cm=28.453pt)

LaTeX Info: Redefining \. on input line 26.
LaTeX Info: Redefining \% on input line 26.
(/usr/local/texlive/2013/texmf-dist/tex/context/base/supp-pdf.mkii
[Loading MPS to PDF converter (version 2006.09.02).]
\scratchcounter=\count107
\scratchdimen=\dimen123
\scratchbox=\box29
\nofMPsegments=\count108
\nofMParguments=\count109
\everyMPshowfont=\toks23
\MPscratchCnt=\count110
\MPscratchDim=\dimen124
\MPnumerator=\count111
\makeMPintoPDFobject=\count112
\everyMPtoPDFconversion=\toks24
) (/usr/local/texlive/2013/texmf-dist/tex/latex/oberdiek/epstopdf-base.sty
Package: epstopdf-base 2010/02/09 v2.5 Base part for package epstopdf

(/usr/local/texlive/2013/texmf-dist/tex/latex/oberdiek/grfext.sty
Package: grfext 2010/08/19 v1.1 Manage graphics extensions (HO)
)
Package grfext Info: Graphics extension search list:
(grfext)             [.png,.pdf,.jpg,.mps,.jpeg,.jbig2,.jb2,.PNG,.PDF,.JPG,.JPE
G,.JBIG2,.JB2,.eps]
(grfext)             \AppendGraphicsExtensions on input line 452.

(/usr/local/texlive/2013/texmf-dist/tex/latex/latexconfig/epstopdf-sys.cfg
File: epstopdf-sys.cfg 2010/07/13 v1.3 Configuration of (r)epstopdf for TeX Liv
e
))
\AtBeginShipoutBox=\box30
Package hyperref Info: Link coloring OFF on input line 26.

(/usr/local/texlive/2013/texmf-dist/tex/latex/hyperref/nameref.sty
Package: nameref 2012/10/27 v2.43 Cross-referencing by name of section

(/usr/local/texlive/2013/texmf-dist/tex/generic/oberdiek/gettitlestring.sty
Package: gettitlestring 2010/12/03 v1.4 Cleanup title references (HO)
)
\c@section@level=\count113
)
LaTeX Info: Redefining \ref on input line 26.
LaTeX Info: Redefining \pageref on input line 26.
LaTeX Info: Redefining \nameref on input line 26.

(./CasosDeUso1.0.out) (./CasosDeUso1.0.out)
\@outlinefile=\write3
\openout3 = `CasosDeUso1.0.out'.

LaTeX Font Info:    Try loading font information for U+msa on input line 29.

(/usr/local/texlive/2013/texmf-dist/tex/latex/amsfonts/umsa.fd
File: umsa.fd 2013/01/14 v3.01 AMS symbols A
)
LaTeX Font Info:    Try loading font information for U+msb on input line 29.

(/usr/local/texlive/2013/texmf-dist/tex/latex/amsfonts/umsb.fd
File: umsb.fd 2013/01/14 v3.01 AMS symbols B
)
Package babel Info: Redefining spanish shorthand <<
(babel)             in language  on input line 29.
Package babel Info: Redefining spanish shorthand >>
(babel)             in language  on input line 29.
Package babel Info: Redefining spanish shorthand "=
(babel)             in language  on input line 29.
Package babel Info: Redefining spanish shorthand "~
(babel)             in language  on input line 29.
Package babel Info: Redefining spanish shorthand "!
(babel)             in language  on input line 29.
Package babel Info: Redefining spanish shorthand "?
(babel)             in language  on input line 29.
Package babel Info: Redefining spanish shorthand <<
(babel)             in language  on input line 35.
Package babel Info: Redefining spanish shorthand >>
(babel)             in language  on input line 35.
Package babel Info: Redefining spanish shorthand "=
(babel)             in language  on input line 35.
Package babel Info: Redefining spanish shorthand "~
(babel)             in language  on input line 35.
Package babel Info: Redefining spanish shorthand "!
(babel)             in language  on input line 35.
Package babel Info: Redefining spanish shorthand "?
(babel)             in language  on input line 35.


LaTeX Warning: Reference `fig:1' on page 1 undefined on input line 36.

<./img/fig1.png, id=4, 65.24374pt x 71.26625pt>
File: ./img/fig1.png Graphic file (type png)
 <use ./img/fig1.png>
Package pdftex.def Info: ./img/fig1.png used on input line 40.
(pdftex.def)             Requested size: 65.24358pt x 71.26605pt.
Package babel Info: Redefining spanish shorthand <<
(babel)             in language  on input line 47.
Package babel Info: Redefining spanish shorthand >>
(babel)             in language  on input line 47.
Package babel Info: Redefining spanish shorthand "=
(babel)             in language  on input line 47.
Package babel Info: Redefining spanish shorthand "~
(babel)             in language  on input line 47.
Package babel Info: Redefining spanish shorthand "!
(babel)             in language  on input line 47.
Package babel Info: Redefining spanish shorthand "?
(babel)             in language  on input line 47.


LaTeX Warning: Reference `fig:2' on page 1 undefined on input line 48.

<./img/fig2.png, id=5, 112.42pt x 57.21375pt>
File: ./img/fig2.png Graphic file (type png)
 <use ./img/fig2.png>
Package pdftex.def Info: ./img/fig2.png used on input line 52.
(pdftex.def)             Requested size: 112.41972pt x 57.2136pt.
Package babel Info: Redefining spanish shorthand <<
(babel)             in language  on input line 57.
Package babel Info: Redefining spanish shorthand >>
(babel)             in language  on input line 57.
Package babel Info: Redefining spanish shorthand "=
(babel)             in language  on input line 57.
Package babel Info: Redefining spanish shorthand "~
(babel)             in language  on input line 57.
Package babel Info: Redefining spanish shorthand "!
(babel)             in language  on input line 57.
Package babel Info: Redefining spanish shorthand "?
(babel)             in language  on input line 57.
Package babel Info: Redefining spanish shorthand <<
(babel)             in language  on input line 57.
Package babel Info: Redefining spanish shorthand >>
(babel)             in language  on input line 57.
Package babel Info: Redefining spanish shorthand "=
(babel)             in language  on input line 57.
Package babel Info: Redefining spanish shorthand "~
(babel)             in language  on input line 57.
Package babel Info: Redefining spanish shorthand "!
(babel)             in language  on input line 57.
Package babel Info: Redefining spanish shorthand "?
(babel)             in language  on input line 57.
 [1

{/usr/local/texlive/2013/texmf-var/fonts/map/pdftex/updmap/pdftex.map}pdfTeX wa
rning (ext4): destination with the same identifier (name{figure.1}) has been al
ready used, duplicate ignored

\AtBegShi@Output ...ipout \box \AtBeginShipoutBox 
                                                  \fi \fi 
l.57 \subsection{Relaciones de Casos de Uso}
                                             <./img/fig1.png>]
Package babel Info: Redefining spanish shorthand <<
(babel)             in language  on input line 57.
Package babel Info: Redefining spanish shorthand >>
(babel)             in language  on input line 57.
Package babel Info: Redefining spanish shorthand "=
(babel)             in language  on input line 57.
Package babel Info: Redefining spanish shorthand "~
(babel)             in language  on input line 57.
Package babel Info: Redefining spanish shorthand "!
(babel)             in language  on input line 57.
Package babel Info: Redefining spanish shorthand "?
(babel)             in language  on input line 57.
Package babel Info: Redefining spanish shorthand <<
(babel)             in language  on input line 60.
Package babel Info: Redefining spanish shorthand >>
(babel)             in language  on input line 60.
Package babel Info: Redefining spanish shorthand "=
(babel)             in language  on input line 60.
Package babel Info: Redefining spanish shorthand "~
(babel)             in language  on input line 60.
Package babel Info: Redefining spanish shorthand "!
(babel)             in language  on input line 60.
Package babel Info: Redefining spanish shorthand "?
(babel)             in language  on input line 60.


LaTeX Warning: Reference `fig:3' on page 2 undefined on input line 62.

<./img/fig3.png, id=20, 156.585pt x 41.15375pt>
File: ./img/fig3.png Graphic file (type png)
 <use ./img/fig3.png>
Package pdftex.def Info: ./img/fig3.png used on input line 65.
(pdftex.def)             Requested size: 156.58461pt x 41.15364pt.
Package babel Info: Redefining spanish shorthand <<
(babel)             in language  on input line 72.
Package babel Info: Redefining spanish shorthand >>
(babel)             in language  on input line 72.
Package babel Info: Redefining spanish shorthand "=
(babel)             in language  on input line 72.
Package babel Info: Redefining spanish shorthand "~
(babel)             in language  on input line 72.
Package babel Info: Redefining spanish shorthand "!
(babel)             in language  on input line 72.
Package babel Info: Redefining spanish shorthand "?
(babel)             in language  on input line 72.


LaTeX Warning: Reference `fig:4' on page 2 undefined on input line 74.

<./img/fig4.png, id=21, 180.675pt x 50.1875pt>
File: ./img/fig4.png Graphic file (type png)
 <use ./img/fig4.png>
Package pdftex.def Info: ./img/fig4.png used on input line 77.
(pdftex.def)             Requested size: 180.67455pt x 50.18736pt.
Package babel Info: Redefining spanish shorthand <<
(babel)             in language  on input line 84.
Package babel Info: Redefining spanish shorthand >>
(babel)             in language  on input line 84.
Package babel Info: Redefining spanish shorthand "=
(babel)             in language  on input line 84.
Package babel Info: Redefining spanish shorthand "~
(babel)             in language  on input line 84.
Package babel Info: Redefining spanish shorthand "!
(babel)             in language  on input line 84.
Package babel Info: Redefining spanish shorthand "?
(babel)             in language  on input line 84.
LaTeX Font Info:    Try loading font information for U+lasy on input line 86.

(/usr/local/texlive/2013/texmf-dist/tex/latex/base/ulasy.fd
File: ulasy.fd 1998/08/17 v2.2e LaTeX symbol font definitions
)

LaTeX Warning: Reference `fig:5' on page 2 undefined on input line 86.

<./img/fig5.png, id=22, 135.50626pt x 54.2025pt>
File: ./img/fig5.png Graphic file (type png)
 <use ./img/fig5.png>
Package pdftex.def Info: ./img/fig5.png used on input line 89.
(pdftex.def)             Requested size: 135.5059pt x 54.20236pt.
Package babel Info: Redefining spanish shorthand <<
(babel)             in language  on input line 92.
Package babel Info: Redefining spanish shorthand >>
(babel)             in language  on input line 92.
Package babel Info: Redefining spanish shorthand "=
(babel)             in language  on input line 92.
Package babel Info: Redefining spanish shorthand "~
(babel)             in language  on input line 92.
Package babel Info: Redefining spanish shorthand "!
(babel)             in language  on input line 92.
Package babel Info: Redefining spanish shorthand "?
(babel)             in language  on input line 92.
Package babel Info: Redefining spanish shorthand <<
(babel)             in language  on input line 92.
Package babel Info: Redefining spanish shorthand >>
(babel)             in language  on input line 92.
Package babel Info: Redefining spanish shorthand "=
(babel)             in language  on input line 92.
Package babel Info: Redefining spanish shorthand "~
(babel)             in language  on input line 92.
Package babel Info: Redefining spanish shorthand "!
(babel)             in language  on input line 92.
Package babel Info: Redefining spanish shorthand "?
(babel)             in language  on input line 92.
 [2pdfTeX warning (ext4): destination with the same identifier (name{figure.2})
 has been already used, duplicate ignored

\AtBegShi@Output ...ipout \box \AtBeginShipoutBox 
                                                  \fi \fi 
l.92 \end{figure}
                 pdfTeX warning (ext4): destination with the same identifier (n
ame{figure.3}) has been already used, duplicate ignored

\AtBegShi@Output ...ipout \box \AtBeginShipoutBox 
                                                  \fi \fi 
l.92 \end{figure}
                 pdfTeX warning (ext4): destination with the same identifier (n
ame{figure.4}) has been already used, duplicate ignored

\AtBegShi@Output ...ipout \box \AtBeginShipoutBox 
                                                  \fi \fi 
l.92 \end{figure}
                  <./img/fig2.png> <./img/fig3.png> <./img/fig4.png>]
Package babel Info: Redefining spanish shorthand <<
(babel)             in language  on input line 96.
Package babel Info: Redefining spanish shorthand >>
(babel)             in language  on input line 96.
Package babel Info: Redefining spanish shorthand "=
(babel)             in language  on input line 96.
Package babel Info: Redefining spanish shorthand "~
(babel)             in language  on input line 96.
Package babel Info: Redefining spanish shorthand "!
(babel)             in language  on input line 96.
Package babel Info: Redefining spanish shorthand "?
(babel)             in language  on input line 96.


LaTeX Warning: Reference `fig:6' on page 3 undefined on input line 97.


LaTeX Warning: Reference `fig:6' on page 3 undefined on input line 102.


Underfull \hbox (badness 10000) in paragraph at lines 97--117

 []


Underfull \hbox (badness 10000) in paragraph at lines 97--117

 []


Underfull \hbox (badness 10000) in paragraph at lines 97--117

 []

<./img/fig7.png, id=34, 463.7325pt x 368.37625pt>
File: ./img/fig7.png Graphic file (type png)
 <use ./img/fig7.png>
Package pdftex.def Info: ./img/fig7.png used on input line 120.
(pdftex.def)             Requested size: 324.61052pt x 257.8616pt.
Package babel Info: Redefining spanish shorthand <<
(babel)             in language  on input line 124.
Package babel Info: Redefining spanish shorthand >>
(babel)             in language  on input line 124.
Package babel Info: Redefining spanish shorthand "=
(babel)             in language  on input line 124.
Package babel Info: Redefining spanish shorthand "~
(babel)             in language  on input line 124.
Package babel Info: Redefining spanish shorthand "!
(babel)             in language  on input line 124.
Package babel Info: Redefining spanish shorthand "?
(babel)             in language  on input line 124.
Package babel Info: Redefining spanish shorthand <<
(babel)             in language  on input line 124.
Package babel Info: Redefining spanish shorthand >>
(babel)             in language  on input line 124.
Package babel Info: Redefining spanish shorthand "=
(babel)             in language  on input line 124.
Package babel Info: Redefining spanish shorthand "~
(babel)             in language  on input line 124.
Package babel Info: Redefining spanish shorthand "!
(babel)             in language  on input line 124.
Package babel Info: Redefining spanish shorthand "?
(babel)             in language  on input line 124.
 [3pdfTeX warning (ext4): destination with the same identifier (name{figure.5})
 has been already used, duplicate ignored

\AtBegShi@Output ...ipout \box \AtBeginShipoutBox 
                                                  \fi \fi 
l.124 
       <./img/fig5.png>]
Package babel Info: Redefining spanish shorthand <<
(babel)             in language  on input line 125.
Package babel Info: Redefining spanish shorthand >>
(babel)             in language  on input line 125.
Package babel Info: Redefining spanish shorthand "=
(babel)             in language  on input line 125.
Package babel Info: Redefining spanish shorthand "~
(babel)             in language  on input line 125.
Package babel Info: Redefining spanish shorthand "!
(babel)             in language  on input line 125.
Package babel Info: Redefining spanish shorthand "?
(babel)             in language  on input line 125.
Package babel Info: Redefining spanish shorthand <<
(babel)             in language  on input line 134.
Package babel Info: Redefining spanish shorthand >>
(babel)             in language  on input line 134.
Package babel Info: Redefining spanish shorthand "=
(babel)             in language  on input line 134.
Package babel Info: Redefining spanish shorthand "~
(babel)             in language  on input line 134.
Package babel Info: Redefining spanish shorthand "!
(babel)             in language  on input line 134.
Package babel Info: Redefining spanish shorthand "?
(babel)             in language  on input line 134.

Underfull \hbox (badness 10000) in paragraph at lines 137--146

 []

Package babel Info: Redefining spanish shorthand <<
(babel)             in language  on input line 151.
Package babel Info: Redefining spanish shorthand >>
(babel)             in language  on input line 151.
Package babel Info: Redefining spanish shorthand "=
(babel)             in language  on input line 151.
Package babel Info: Redefining spanish shorthand "~
(babel)             in language  on input line 151.
Package babel Info: Redefining spanish shorthand "!
(babel)             in language  on input line 151.
Package babel Info: Redefining spanish shorthand "?
(babel)             in language  on input line 151.
Package babel Info: Redefining spanish shorthand <<
(babel)             in language  on input line 151.
Package babel Info: Redefining spanish shorthand >>
(babel)             in language  on input line 151.
Package babel Info: Redefining spanish shorthand "=
(babel)             in language  on input line 151.
Package babel Info: Redefining spanish shorthand "~
(babel)             in language  on input line 151.
Package babel Info: Redefining spanish shorthand "!
(babel)             in language  on input line 151.
Package babel Info: Redefining spanish shorthand "?
(babel)             in language  on input line 151.
[4pdfTeX warning (ext4): destination with the same identifier (name{figure.6}) 
has been already used, duplicate ignored

\AtBegShi@Output ...ipout \box \AtBeginShipoutBox 
                                                  \fi \fi 
l.151 \item E
             l administrador llenará los campos correspondientes. <./img/fig7.p
ng>]
Underfull \hbox (badness 10000) in paragraph at lines 172--180

 []


Underfull \hbox (badness 10000) in paragraph at lines 206--213

 []

Package babel Info: Redefining spanish shorthand <<
(babel)             in language  on input line 218.
Package babel Info: Redefining spanish shorthand >>
(babel)             in language  on input line 218.
Package babel Info: Redefining spanish shorthand "=
(babel)             in language  on input line 218.
Package babel Info: Redefining spanish shorthand "~
(babel)             in language  on input line 218.
Package babel Info: Redefining spanish shorthand "!
(babel)             in language  on input line 218.
Package babel Info: Redefining spanish shorthand "?
(babel)             in language  on input line 218.
Package babel Info: Redefining spanish shorthand <<
(babel)             in language  on input line 218.
Package babel Info: Redefining spanish shorthand >>
(babel)             in language  on input line 218.
Package babel Info: Redefining spanish shorthand "=
(babel)             in language  on input line 218.
Package babel Info: Redefining spanish shorthand "~
(babel)             in language  on input line 218.
Package babel Info: Redefining spanish shorthand "!
(babel)             in language  on input line 218.
Package babel Info: Redefining spanish shorthand "?
(babel)             in language  on input line 218.
[5]
Underfull \hbox (badness 10000) in paragraph at lines 240--247

 []


Underfull \hbox (badness 10000) in paragraph at lines 275--282

 []

Package babel Info: Redefining spanish shorthand <<
(babel)             in language  on input line 286.
Package babel Info: Redefining spanish shorthand >>
(babel)             in language  on input line 286.
Package babel Info: Redefining spanish shorthand "=
(babel)             in language  on input line 286.
Package babel Info: Redefining spanish shorthand "~
(babel)             in language  on input line 286.
Package babel Info: Redefining spanish shorthand "!
(babel)             in language  on input line 286.
Package babel Info: Redefining spanish shorthand "?
(babel)             in language  on input line 286.
Package babel Info: Redefining spanish shorthand <<
(babel)             in language  on input line 286.
Package babel Info: Redefining spanish shorthand >>
(babel)             in language  on input line 286.
Package babel Info: Redefining spanish shorthand "=
(babel)             in language  on input line 286.
Package babel Info: Redefining spanish shorthand "~
(babel)             in language  on input line 286.
Package babel Info: Redefining spanish shorthand "!
(babel)             in language  on input line 286.
Package babel Info: Redefining spanish shorthand "?
(babel)             in language  on input line 286.
[6]
Underfull \hbox (badness 10000) in paragraph at lines 310--317

 []

Package babel Info: Redefining spanish shorthand <<
(babel)             in language  on input line 344.
Package babel Info: Redefining spanish shorthand >>
(babel)             in language  on input line 344.
Package babel Info: Redefining spanish shorthand "=
(babel)             in language  on input line 344.
Package babel Info: Redefining spanish shorthand "~
(babel)             in language  on input line 344.
Package babel Info: Redefining spanish shorthand "!
(babel)             in language  on input line 344.
Package babel Info: Redefining spanish shorthand "?
(babel)             in language  on input line 344.
Package babel Info: Redefining spanish shorthand <<
(babel)             in language  on input line 351.
Package babel Info: Redefining spanish shorthand >>
(babel)             in language  on input line 351.
Package babel Info: Redefining spanish shorthand "=
(babel)             in language  on input line 351.
Package babel Info: Redefining spanish shorthand "~
(babel)             in language  on input line 351.
Package babel Info: Redefining spanish shorthand "!
(babel)             in language  on input line 351.
Package babel Info: Redefining spanish shorthand "?
(babel)             in language  on input line 351.
Package babel Info: Redefining spanish shorthand <<
(babel)             in language  on input line 351.
Package babel Info: Redefining spanish shorthand >>
(babel)             in language  on input line 351.
Package babel Info: Redefining spanish shorthand "=
(babel)             in language  on input line 351.
Package babel Info: Redefining spanish shorthand "~
(babel)             in language  on input line 351.
Package babel Info: Redefining spanish shorthand "!
(babel)             in language  on input line 351.
Package babel Info: Redefining spanish shorthand "?
(babel)             in language  on input line 351.
[7]
Package atveryend Info: Empty hook `BeforeClearDocument' on input line 354.
Package babel Info: Redefining spanish shorthand <<
(babel)             in language  on input line 354.
Package babel Info: Redefining spanish shorthand >>
(babel)             in language  on input line 354.
Package babel Info: Redefining spanish shorthand "=
(babel)             in language  on input line 354.
Package babel Info: Redefining spanish shorthand "~
(babel)             in language  on input line 354.
Package babel Info: Redefining spanish shorthand "!
(babel)             in language  on input line 354.
Package babel Info: Redefining spanish shorthand "?
(babel)             in language  on input line 354.
Package babel Info: Redefining spanish shorthand <<
(babel)             in language  on input line 354.
Package babel Info: Redefining spanish shorthand >>
(babel)             in language  on input line 354.
Package babel Info: Redefining spanish shorthand "=
(babel)             in language  on input line 354.
Package babel Info: Redefining spanish shorthand "~
(babel)             in language  on input line 354.
Package babel Info: Redefining spanish shorthand "!
(babel)             in language  on input line 354.
Package babel Info: Redefining spanish shorthand "?
(babel)             in language  on input line 354.
 [8]
Package atveryend Info: Empty hook `AfterLastShipout' on input line 354.
 (./CasosDeUso1.0.aux
LaTeX Info: Redefining \. on input line 23.
LaTeX Info: Redefining \% on input line 23.
)
Package atveryend Info: Executing hook `AtVeryEndDocument' on input line 354.
Package atveryend Info: Executing hook `AtEndAfterFileList' on input line 354.


Package rerunfilecheck Warning: File `CasosDeUso1.0.out' has changed.
(rerunfilecheck)                Rerun to get outlines right
(rerunfilecheck)                or use package `bookmark'.

Package rerunfilecheck Info: Checksums for `CasosDeUso1.0.out':
(rerunfilecheck)             Before: D41D8CD98F00B204E9800998ECF8427E;0
(rerunfilecheck)             After:  8BD0191289CD16AAF50B38D40D65F82B;734.

LaTeX Warning: There were undefined references.


LaTeX Warning: Label(s) may have changed. Rerun to get cross-references right.

Package atveryend Info: Empty hook `AtVeryVeryEnd' on input line 354.
 ) 
Here is how much of TeX's memory you used:
 6982 strings out of 493315
 101057 string characters out of 6137904
 197993 words of memory out of 5000000
 10291 multiletter control sequences out of 15000+600000
 10556 words of font info for 40 fonts, out of 8000000 for 9000
 957 hyphenation exceptions out of 8191
 29i,7n,35p,822b,495s stack positions out of 5000i,500n,10000p,200000b,80000s
</usr/local/texlive/2013/texmf-dist/fonts/type1/public/amsfonts/cm/cmbx10.pfb
></usr/local/texlive/2013/texmf-dist/fonts/type1/public/amsfonts/cm/cmbx12.pfb>
</usr/local/texlive/2013/texmf-dist/fonts/type1/public/amsfonts/cm/cmr10.pfb></
usr/local/texlive/2013/texmf-dist/fonts/type1/public/amsfonts/cm/cmr12.pfb></us
r/local/texlive/2013/texmf-dist/fonts/type1/public/amsfonts/cm/cmr17.pfb></usr/
local/texlive/2013/texmf-dist/fonts/type1/public/amsfonts/cm/cmti10.pfb></usr/l
ocal/texlive/2013/texmf-dist/fonts/type1/public/amsfonts/latxfont/lasy10.pfb>
Output written on CasosDeUso1.0.pdf (8 pages, 224579 bytes).
PDF statistics:
 134 PDF objects out of 1000 (max. 8388607)
 109 compressed objects within 2 object streams
 54 named destinations out of 1000 (max. 500000)
 31 words of extra memory for PDF output out of 10000 (max. 10000000)

